	Exporter version: 4.1.0, Blender version: 2.76 (sub 0)
========= Conversion from Blender to Babylon.js =========
	Scene settings used:
		selected layers only:  false
		flat shading entire scene:  false
		inline textures:  false
	Python World class constructor completed
	processing begun of mesh:  Plane
		processing begun of Standard material:  Material.002
		num positions      :  4
		num normals        :  4
		num uvs            :  0
		num uvs2           :  0
		num colors         :  0
		num indices        :  6
	processing begun of mesh:  dog
		processing begun of Standard material:  dogMat
		Diffuse texture found"dogTexture"
			Image texture found, type:  diffuseTexture, mapped using: "UVMap"
		num positions      :  2115
		num normals        :  2115
		num uvs            :  4230
		num uvs2           :  0
		num colors         :  0
		num indices        :  5130
	processing begun of camera (FreeCamera):  Camera
	processing begun of light (AREA):  Lamp
========= Writing of scene file started =========
========= Writing of scene file completed =========
========= end of processing =========
elapsed time:  0 min, 0.0601 secs
